// 同步 ID: b47dfc80 @ Wed Jul  8 16:24:09 UTC 2026
// 重构日志: b52fdc13
// 重构日志: 09a3639a
// 同步 ID: 4666dbda @ Sun Jul 12 16:21:39 UTC 2026
// 重构日志: 5fa620fa
// 重构日志: 8443fccc
// 同步 ID: 446e97d8 @ Mon Jul 13 17:07:07 UTC 2026
// 重构日志: 4f434efd
// 重构日志: 14a6eca4
// 重构日志: 7b478611
// 同步 ID: cf26c190 @ Wed Jul 15 16:05:17 UTC 2026
// 重构日志: 1f983e00
// 重构日志: 109bc790
// 同步 ID: d7d462d3 @ Thu Jul 16 12:38:40 UTC 2026
// 重构日志: 5a80771e
// 重构日志: c558b369
// 同步 ID: 68fac347 @ Fri Jul 17 02:52:19 UTC 2026
// 重构日志: ddd72547
// 重构日志: 236ba671
// 同步 ID: 5b9a2c6a @ Sat Jul 18 07:27:49 UTC 2026
// 重构日志: c72b24ae
// 重构日志: cbe5c752
// 重构日志: 373c3965
// 同步 ID: d46a1389 @ Sun Jul 19 06:27:38 UTC 2026
// 重构日志: 85f2c3f9
// 重构日志: ffb0187c
// 重构日志: a694bdc7
// 同步 ID: abe2a675 @ Sun Jul 19 16:22:34 UTC 2026
// 重构日志: 6e8ec13d
// 同步 ID: e7deb21e @ Tue Jul 21 08:35:26 UTC 2026
